Arguments: 
  /usr/bin/node /usr/bin/yarn

PATH: 
  /home/danielgary/.vscode-server/bin/c3f126316369cd610563c75b1b1725e0679adfb3/bin:/usr/local/sbin:/usr/local/bin:/usr/sbin:/usr/bin:/sbin:/bin:/usr/games:/usr/local/games:/usr/lib/wsl/lib:/mnt/c/Program Files (x86)/Microsoft SDKs/Azure/CLI2/wbin:/mnt/c/Windows/system32:/mnt/c/Windows:/mnt/c/Windows/System32/Wbem:/mnt/c/Windows/System32/WindowsPowerShell/v1.0/:/mnt/c/Windows/System32/OpenSSH/:/mnt/c/Program Files (x86)/NVIDIA Corporation/PhysX/Common:/mnt/c/Program Files/NVIDIA Corporation/NVIDIA NvDLISR:/mnt/c/Program Files/Git/cmd:/mnt/c/Program Files/Docker/Docker/resources/bin:/mnt/c/ProgramData/DockerDesktop/version-bin:/mnt/c/Program Files (x86)/Yarn/bin/:/mnt/c/Program Files/dotnet/:/mnt/c/Program Files/PowerShell/7/:/mnt/c/WINDOWS/system32:/mnt/c/WINDOWS:/mnt/c/WINDOWS/System32/Wbem:/mnt/c/WINDOWS/System32/WindowsPowerShell/v1.0/:/mnt/c/WINDOWS/System32/OpenSSH/:/mnt/c/Program Files/Amazon/AWSCLIV2/:/mnt/c/Program Files/Microsoft/Azure Functions Core Tools/:/mnt/c/Users/DanielGary/AppData/Roaming/nvm:/mnt/c/Program Files/nodejs:/mnt/c/Program Files (x86)/Microsoft SQL Server/150/DTS/Binn/:/mnt/c/Program Files/Azure Data Studio/bin:/mnt/c/Users/DanielGary/AppData/Local/Microsoft/WindowsApps:/mnt/c/Users/DanielGary/AppData/Roaming/npm:/mnt/c/Program Files (x86)/GitHub CLI/:/mnt/c/Users/DanielGary/AppData/Local/Yarn/bin:/mnt/c/Users/DanielGary/AppData/Local/Programs/oh-my-posh/bin:/mnt/c/Users/DanielGary/AppData/Local/Programs/oh-my-posh/themes:/mnt/c/Users/DanielGary/AppData/Local/Programs/Microsoft VS Code/bin:/mnt/c/Users/DanielGary/AppData/Roaming/nvm:/mnt/c/Program Files/nodejs:/mnt/c/Users/DanielGary/.dotnet/tools:/mnt/c/Users/DanielGary/AppData/Local/Programs/Azure Data Studio/bin

Yarn version: 
  1.22.10

Node version: 
  16.4.1

Platform: 
  linux x64

Trace: 
  Error: https://registry.yarnpkg.com/@remix-run%2fnode: Not found
      at Request.params.callback [as _callback] (/usr/lib/node_modules/yarn/lib/cli.js:66988:18)
      at Request.self.callback (/usr/lib/node_modules/yarn/lib/cli.js:140662:22)
      at Request.emit (node:events:394:28)
      at Request.<anonymous> (/usr/lib/node_modules/yarn/lib/cli.js:141634:10)
      at Request.emit (node:events:394:28)
      at IncomingMessage.<anonymous> (/usr/lib/node_modules/yarn/lib/cli.js:141556:12)
      at Object.onceWrapper (node:events:513:28)
      at IncomingMessage.emit (node:events:406:35)
      at endReadableNT (node:internal/streams/readable:1329:12)
      at processTicksAndRejections (node:internal/process/task_queues:83:21)

npm manifest: 
  {
    "private": true,
    "name": "remix-azure-function-template",
    "description": "",
    "license": "",
    "scripts": {
      "build": "remix build && npm run predeploy",
      "predeploy": "tsc -p ./server.tsconfig.json",
      "dev": "remix run",
      "start": "remix-serve azure/functions/server/build"
    },
    "dependencies": {
      "@remix-run/node": "^0.17.5",
      "@remix-run/react": "^0.17.5",
      "@remix-run/serve": "^0.17.5",
      "react": "^17.0.1",
      "react-dom": "^17.0.1",
      "react-router-dom": "^6.0.0-beta.0",
      "remix": "^0.17.5",
      "zlib": "^1.0.5"
    },
    "devDependencies": {
      "@azure/functions": "^1.0.1-beta1",
      "@remix-run/dev": "^0.17.5",
      "@types/react": "^17.0.4",
      "@types/react-dom": "^17.0.4",
      "typescript": "^4.1.2"
    },
    "engines": {
      "node": ">=14"
    },
    "sideEffects": false
  }

yarn manifest: 
  No manifest

Lockfile: 
  No lockfile
